 [16/03/2026 22:25:18,61] SUCCESSFUL LOGIN 
 [16/03/2026 22:25:39,96] PASSWORD CHANGED 
 [16/03/2026 22:25:42,35] LAUNCHED: Katonagari 
 [16/03/2026 22:49:42,63] FAILED LOGIN ATTEMPT 
 [16/03/2026 22:49:46,44] FAILED LOGIN ATTEMPT 
 [16/03/2026 22:49:49,71] SUCCESSFUL LOGIN 
 [16/03/2026 22:50:06,37] PASSWORD CHANGED 
 [16/03/2026 22:50:10,26] SESSION ENDED 
 [16/03/2026 22:50:17,73] FAILED LOGIN ATTEMPT 
 [16/03/2026 22:50:20,59] SUCCESSFUL LOGIN 
 [16/03/2026 22:50:22,65] LAUNCHED: Katonagari 
 [17/03/2026 14:22:43,14] SUCCESSFUL LOGIN 
 [17/03/2026 14:22:46,82] SESSION ENDED 
 [17/03/2026 14:23:37,47] SUCCESSFUL LOGIN 
 [17/03/2026 14:23:39,81] LAUNCHED: Katonagari 
 [17/03/2026 15:45:01,30] SUCCESSFUL LOGIN 
 [17/03/2026 15:45:07,46] LAUNCHED: Katonagari 
 [18/03/2026  8:54:21,47] SUCCESSFUL LOGIN 
 [18/03/2026  8:54:23,68] LAUNCHED: Katonagari 
 [18/03/2026 14:03:47,69] FAILED LOGIN ATTEMPT 
 [18/03/2026 14:03:51,95] SUCCESSFUL LOGIN 
 [18/03/2026 14:03:54,09] LAUNCHED: Katonagari 
 [18/03/2026 14:07:13,92] SUCCESSFUL LOGIN 
 [18/03/2026 14:07:16,41] LAUNCHED: Katonagari 
 [18/03/2026 14:09:19,07] SUCCESSFUL LOGIN 
 [18/03/2026 14:09:20,91] LAUNCHED: Katonagari 
 [18/03/2026 14:14:44,09] SUCCESSFUL LOGIN 
 [18/03/2026 14:14:46,15] LAUNCHED: Katonagari 
 [18/03/2026 14:20:08,34] SUCCESSFUL LOGIN 
 [18/03/2026 14:20:10,08] LAUNCHED: Katonagari 
 [18/03/2026 14:33:00,01] SUCCESSFUL LOGIN 
 [18/03/2026 14:33:02,28] LAUNCHED: Katonagari 
 [18/03/2026 15:16:39,24] SUCCESSFUL LOGIN 
 [18/03/2026 15:16:40,97] LAUNCHED: Katonagari 
 [18/03/2026 15:17:46,63] SUCCESSFUL LOGIN 
 [18/03/2026 15:17:48,85] LAUNCHED: Katonagari 
 [18/03/2026 15:27:32,80] SUCCESSFUL LOGIN 
 [18/03/2026 15:27:35,72] LAUNCHED: Katonagari 
 [18/03/2026 22:02:24,40] SUCCESSFUL LOGIN 
 [18/03/2026 22:02:27,45] LAUNCHED: Katonagari 
